c:\users\ernes\source\repos\groupproject_5\cs485_blackjack_group5\blackjack_model\debug\blackjack_model.pdb
c:\users\ernes\source\repos\groupproject_5\cs485_blackjack_group5\blackjack_model\debug\blackjack_model.idb
c:\users\ernes\source\repos\groupproject_5\cs485_blackjack_group5\blackjack_model\debug\blackjackdeck.obj
c:\users\ernes\source\repos\groupproject_5\cs485_blackjack_group5\blackjack_model\debug\blackjackpresenter.obj
c:\users\ernes\source\repos\groupproject_5\cs485_blackjack_group5\blackjack_model\debug\blackjackmodel.obj
c:\users\ernes\source\repos\groupproject_5\cs485_blackjack_group5\blackjack_model\debug\card.obj
c:\users\ernes\source\repos\groupproject_5\cs485_blackjack_group5\blackjack_model\debug\counterstrategy.obj
c:\users\ernes\source\repos\groupproject_5\cs485_blackjack_group5\blackjack_model\debug\cpubuilder.obj
c:\users\ernes\source\repos\groupproject_5\cs485_blackjack_group5\blackjack_model\debug\cpustrategyfactory.obj
c:\users\ernes\source\repos\groupproject_5\cs485_blackjack_group5\blackjack_model\debug\currency.obj
c:\users\ernes\source\repos\groupproject_5\cs485_blackjack_group5\blackjack_model\debug\currencyconversion.obj
c:\users\ernes\source\repos\groupproject_5\cs485_blackjack_group5\blackjack_model\debug\currencyexception.obj
c:\users\ernes\source\repos\groupproject_5\cs485_blackjack_group5\blackjack_model\debug\dealerstrategy.obj
c:\users\ernes\source\repos\groupproject_5\cs485_blackjack_group5\blackjack_model\debug\deck.obj
c:\users\ernes\source\repos\groupproject_5\cs485_blackjack_group5\blackjack_model\debug\hand.obj
c:\users\ernes\source\repos\groupproject_5\cs485_blackjack_group5\blackjack_model\debug\money.obj
c:\users\ernes\source\repos\groupproject_5\cs485_blackjack_group5\blackjack_model\debug\normalstrategy.obj
c:\users\ernes\source\repos\groupproject_5\cs485_blackjack_group5\blackjack_model\debug\player.obj
c:\users\ernes\source\repos\groupproject_5\cs485_blackjack_group5\blackjack_model\debug\playerbuilder.obj
c:\users\ernes\source\repos\groupproject_5\cs485_blackjack_group5\blackjack_model\debug\playercpu.obj
c:\users\ernes\source\repos\groupproject_5\cs485_blackjack_group5\debug\blackjack_model.lib
c:\users\ernes\source\repos\groupproject_5\cs485_blackjack_group5\debug\blackjack_model.pdb
c:\users\ernes\source\repos\groupproject_5\cs485_blackjack_group5\blackjack_model\debug\blackjack_model.tlog\cl.command.1.tlog
c:\users\ernes\source\repos\groupproject_5\cs485_blackjack_group5\blackjack_model\debug\blackjack_model.tlog\cl.read.1.tlog
c:\users\ernes\source\repos\groupproject_5\cs485_blackjack_group5\blackjack_model\debug\blackjack_model.tlog\cl.write.1.tlog
c:\users\ernes\source\repos\groupproject_5\cs485_blackjack_group5\blackjack_model\debug\blackjack_model.tlog\lib-link.read.1.tlog
c:\users\ernes\source\repos\groupproject_5\cs485_blackjack_group5\blackjack_model\debug\blackjack_model.tlog\lib-link.write.1.tlog
c:\users\ernes\source\repos\groupproject_5\cs485_blackjack_group5\blackjack_model\debug\blackjack_model.tlog\lib.command.1.tlog
